<?xml version="1.0" encoding="UTF-8"?>
<!-- Generated by org.testng.reporters.JUnitReportReporter -->
<testsuite hostname="DESKTOP-M3FJ3I8" failures="0" tests="1" name="DemoGetRequest" time="5.449" errors="0" timestamp="2021-11-12T23:36:41 IST" skipped="0">
  <testcase classname="DemoGetRequest" name="getToken" time="5.449"/>
  <system-out/>
</testsuite> <!-- DemoGetRequest -->
