<?xml version="1.0" encoding="UTF-8"?>
<!-- Generated by org.testng.reporters.JUnitReportReporter -->
<testsuite hostname="DESKTOP-M3FJ3I8" failures="0" tests="1" name="DemoGetBookingID" time="4.564" errors="0" timestamp="2021-11-13T12:24:29 IST" skipped="0">
  <testcase classname="DemoGetBookingID" name="getbookingid" time="4.564"/>
  <system-out/>
</testsuite> <!-- DemoGetBookingID -->
